15-Nov-22 14:30:26 rational_calc - user input: 22/0)
15-Nov-22 14:30:26 float division by zero
15-Nov-22 14:32:20 rational_calc - user input: 22/0
15-Nov-22 14:32:20 float division by zero
15-Nov-22 14:32:58 rational_calc - user input: (22+5)*2
15-Nov-22 14:32:58 (22+5)*2 successful with result: 27.
15-Nov-22 18:21:34 rational_calc_func - user input: 2+2
15-Nov-22 18:21:34 2+2 successful with result: 4
15-Nov-22 18:24:19 rational_calc_func - user input: 25+55
15-Nov-22 18:24:19 25+55 successful with result: 80
15-Nov-22 18:24:43 complex_calc_func - user input: 2i + 3i
15-Nov-22 18:24:43 2i + 3i successful with result: 0 + 5i
15-Nov-22 18:24:54 rational_calc_func - user input: 
15-Nov-22 18:24:54 list index out of range
15-Nov-22 18:25:54 rational_calc_func - user input: 25+55
15-Nov-22 18:25:54 25+55 successful with result: 80
15-Nov-22 18:26:28 rational_calc_func - user input: 25/0
15-Nov-22 18:26:28 float division by zero
15-Nov-22 18:26:47 rational_calc_func - user input: 
15-Nov-22 18:26:47 list index out of range
15-Nov-22 18:27:00 complex_calc_func - user input: 2i + 3i
15-Nov-22 18:27:00 2i + 3i successful with result: 0 + 5i
15-Nov-22 18:42:58 rational_calc_func - user input: 22/2
15-Nov-22 18:42:58 22/2 successful with result: 11
15-Nov-22 18:44:27 complex_calc_func - user input: None
15-Nov-22 18:44:27 argument of type 'NoneType' is not iterable
15-Nov-22 18:44:33 complex_calc_func - user input: None
15-Nov-22 18:44:33 argument of type 'NoneType' is not iterable
15-Nov-22 18:44:38 rational_calc_func - user input: None
15-Nov-22 18:44:38 'NoneType' object has no attribute 'replace'
15-Nov-22 18:48:36 complex_calc_func - user input: 
15-Nov-22 18:48:36  successful with result: 0 + 0i
15-Nov-22 18:56:39 User choice: Калькулятор
15-Nov-22 18:56:43 rational_calc_func - user input: 25+6
15-Nov-22 18:56:43 25+6 successful with result: 31
15-Nov-22 18:56:45 User choice: C:\Projects\HomeworksPython_1\Task_7\icons\log.png
15-Nov-22 18:57:10 User choice: None
15-Nov-22 19:03:57 User choice: Журнал логов
15-Nov-22 19:04:07 User choice: Калькулятор
15-Nov-22 19:04:14 rational_calc_func - user input: 22+5
15-Nov-22 19:04:14 22+5 successful with result: 27
15-Nov-22 19:04:18 User choice: Журнал логов
15-Nov-22 19:05:04 User choice: Выйти
15-Nov-22 19:05:08 User choice: Журнал логов
15-Nov-22 19:05:21 User choice: None
15-Nov-22 19:06:29 User choice: Журнал логов
15-Nov-22 19:06:41 User choice: Калькулятор
15-Nov-22 19:06:45 rational_calc_func - user input: 22/0
15-Nov-22 19:06:45 float division by zero
15-Nov-22 19:06:47 User choice: Журнал логов
15-Nov-22 19:07:52 User choice: None
15-Nov-22 19:10:02 User choice: Калькулятор
15-Nov-22 19:10:23 User input: (22+3)*4
15-Nov-22 19:10:23 Result: 25
15-Nov-22 19:10:30 User choice: Журнал логов
15-Nov-22 19:10:40 User choice: Калькулятор
15-Nov-22 19:11:08 User input: 2+2*(2+5)
15-Nov-22 19:11:08 Result: 16
15-Nov-22 19:11:11 User choice: Журнал логов
15-Nov-22 19:11:40 User choice: Калькулятор комплексных чисел
15-Nov-22 19:12:14 User input: (2+3i) - (1+3i)
15-Nov-22 19:12:14 Result: 1 + 0i
15-Nov-22 19:12:22 User choice: Журнал логов
15-Nov-22 19:12:34 User choice: Выйти
15-Nov-22 19:13:32 User choice: Журнал логов
15-Nov-22 19:13:35 User choice: Выйти
15-Nov-22 19:13:40 User choice: Калькулятор
15-Nov-22 19:13:48 User input: 2*4+2
15-Nov-22 19:13:48 Result: 10
15-Nov-22 19:13:51 User choice: Журнал логов
15-Nov-22 19:14:10 User choice: Калькулятор
15-Nov-22 19:14:13 User input: 22/0
15-Nov-22 19:14:13 Error: float division by zero
15-Nov-22 19:14:16 User choice: Журнал логов
15-Nov-22 19:15:12 User choice: Калькулятор
15-Nov-22 19:15:20 User input: 22/0
15-Nov-22 19:15:20 Error: float division by zero
15-Nov-22 19:16:10 User choice: Журнал логов
15-Nov-22 19:16:25 User choice: Выйти
15-Nov-22 19:19:59 User choice: Калькулятор
15-Nov-22 19:20:18 User input: 22+5
15-Nov-22 19:20:18 Result: 27
15-Nov-22 19:20:21 User choice: Журнал логов
15-Nov-22 19:20:28 User choice: None
15-Nov-22 19:22:01 User choice: Выйти
15-Nov-22 19:22:06 User choice: Выйти
15-Nov-22 19:22:11 User choice: Журнал логов
15-Nov-22 19:22:14 User choice: Выйти
15-Nov-22 19:22:18 User choice: Калькулятор
15-Nov-22 19:22:23 User input: 2+2
15-Nov-22 19:22:23 Result: 4
15-Nov-22 19:22:25 User choice: Выйти
15-Nov-22 19:26:17 User choice: Калькулятор
15-Nov-22 19:26:39 User input: 22+5
15-Nov-22 19:26:39 Result: 27
15-Nov-22 19:26:55 User choice: Калькулятор
15-Nov-22 19:28:42 User input: 22+22
15-Nov-22 19:28:42 Result: 44
15-Nov-22 19:28:53 User choice: Калькулятор комплексных чисел
15-Nov-22 19:28:56 User input: 2-3
15-Nov-22 19:28:56 Result: -1 + 0i
15-Nov-22 19:29:06 User choice: Калькулятор
15-Nov-22 19:29:11 User input: 333/3
15-Nov-22 19:29:11 Result: 111
15-Nov-22 19:29:14 User choice: Выйти
15-Nov-22 19:35:49 User choice: Калькулятор
15-Nov-22 19:35:56 User input: 22+5
15-Nov-22 19:35:56 Result: 27
15-Nov-22 19:36:03 User choice: Журнал логов
15-Nov-22 19:36:29 User choice: None
15-Nov-22 19:42:19 User choice: Журнал логов
15-Nov-22 19:42:46 User choice: None
15-Nov-22 19:44:57 User choice: Журнал логов
15-Nov-22 19:47:08 User choice: Калькулятор
15-Nov-22 19:47:10 User input: 2+5
15-Nov-22 19:47:10 Result: 7
15-Nov-22 19:47:14 User choice: Журнал логов
15-Nov-22 19:47:38 User choice: Выйти
15-Nov-22 19:50:29 User choice: Журнал логов
15-Nov-22 19:50:40 User choice: Выйти
15-Nov-22 19:51:00 User choice: Журнал логов
15-Nov-22 19:51:13 User choice: Калькулятор
15-Nov-22 19:51:23 User input: 22+3
15-Nov-22 19:51:23 Result: 25
15-Nov-22 19:51:27 User choice: Выйти
15-Nov-22 19:52:47 User choice: Калькулятор
15-Nov-22 19:52:51 User input: 2+3
15-Nov-22 19:52:51 Result: 5
15-Nov-22 19:52:54 User choice: Выйти
15-Nov-22 19:53:00 User choice: Калькулятор
15-Nov-22 19:53:04 User input: 22+44
15-Nov-22 19:53:04 Result: 66
15-Nov-22 19:53:06 User choice: Журнал логов
15-Nov-22 19:53:11 User choice: Выйти
15-Nov-22 19:55:39 User choice: Калькулятор
15-Nov-22 19:55:42 User input: 3/3
15-Nov-22 19:55:42 Result: 1
15-Nov-22 19:55:45 User choice: Калькулятор комплексных чисел
15-Nov-22 19:55:48 User input: 2+i
15-Nov-22 19:55:48 Error: invalid literal for int() with base 10: ''
15-Nov-22 19:55:52 User choice: Журнал логов
15-Nov-22 19:56:17 User choice: Выйти
15-Nov-22 19:56:22 User choice: Калькулятор
15-Nov-22 19:56:24 User input: 22+3\
15-Nov-22 19:56:24 Result: 25
15-Nov-22 20:00:35 User choice: None
15-Nov-22 20:00:59 User choice: Калькулятор
15-Nov-22 20:01:02 User input: 22/2
15-Nov-22 20:01:02 Result: 11
15-Nov-22 20:01:08 User choice: Журнал логов
15-Nov-22 20:01:29 User choice: Выйти
15-Nov-22 20:01:33 User choice: Журнал логов
15-Nov-22 20:01:52 User choice: None
16-Nov-22 12:53:56 User choice: Калькулятор
16-Nov-22 12:54:00 User input: 22+5
16-Nov-22 12:54:00 Result: 27
16-Nov-22 12:58:03 User choice: Калькулятор
16-Nov-22 12:58:05 User input: 22+3
16-Nov-22 12:58:05 Result: 25
16-Nov-22 13:05:46 User choice: Калькулятор
16-Nov-22 13:05:58 User input: 22
16-Nov-22 13:05:58 Error: not all arguments converted during string formatting
16-Nov-22 13:06:01 User choice: None
16-Nov-22 13:10:43 User choice: Калькулятор
16-Nov-22 13:10:47 User input: 22+33
16-Nov-22 13:10:47 Result: 55
16-Nov-22 13:10:53 User choice: Журнал логов
16-Nov-22 13:11:10 User choice: None
